<?xml version="1.0" encoding="UTF-8"?>
<!-- Generated by org.testng.reporters.JUnitXMLReporter -->
<testsuite ignored="2" hostname="pensionboxdewesh-VivoBook-ASUSLaptop-X415JAB-X415JA" failures="0" tests="2" name="Test-Runner-Chrome" time="32.138" errors="0" timestamp="2024-03-21T11:45:35 IST">
  <testcase classname="Assertion.CreateContactaWithLeadsourceAssertionTest" name="createContactWithLeadSource" time="6.554"/>
  <testcase classname="Assertion.CreateNewContactaWithAssertionTest" name="CreateNewContactsWithMandatoryFieldTest" time="5.428"/>
  <testcase classname="genericUtility.BaseClass" name="@BeforeSuite bsConfig" time="0.0">
    <ignored/>
  </testcase> <!-- @BeforeSuite bsConfig -->
  <testcase classname="genericUtility.BaseClass" name="@AfterSuite asConfig" time="0.0">
    <ignored/>
  </testcase> <!-- @AfterSuite asConfig -->
</testsuite> <!-- Test-Runner-Chrome -->
