<?xml version="1.0" encoding="UTF-8"?>
<!-- Generated by org.testng.reporters.JUnitReportReporter -->
<testsuite hostname="pensionboxdewesh-VivoBook-ASUSLaptop-X415JAB-X415JA" failures="0" tests="1" name="contactTestWithBaseClass.ContactTest" time="7.370" errors="0" timestamp="2024-03-10T11:59:28 IST" skipped="0">
  <testcase classname="contactTestWithBaseClass.ContactTest" name="CreateNewContactsWithMandatoryFieldTest" time="7.370"/>
  <system-out/>
</testsuite> <!-- contactTestWithBaseClass.ContactTest -->
