<?xml version="1.0" encoding="UTF-8"?>
<!-- Generated by org.testng.reporters.JUnitReportReporter -->
<testsuite hostname="pensionboxdewesh-VivoBook-ASUSLaptop-X415JAB-X415JA" failures="0" tests="1" name="Assertion.CreateContactaWithLeadsourceAssertionTest" time="14.994" errors="0" timestamp="2024-03-13T20:34:30 IST" skipped="0">
  <testcase classname="Assertion.CreateContactaWithLeadsourceAssertionTest" name="createContactWithLeadSource" time="14.994"/>
  <system-out/>
</testsuite> <!-- Assertion.CreateContactaWithLeadsourceAssertionTest -->
