<?xml version="1.0" encoding="UTF-8"?>
<!-- Generated by org.testng.reporters.JUnitReportReporter -->
<testsuite hostname="pensionboxdewesh-VivoBook-ASUSLaptop-X415JAB-X415JA" failures="0" tests="1" name="contactsTests.CreateNewContactsTest" time="11.391" errors="0" timestamp="2024-03-09T20:23:51 IST" skipped="0">
  <testcase classname="contactsTests.CreateNewContactsTest" name="CreateNewContacts" time="11.391"/>
  <system-out/>
</testsuite> <!-- contactsTests.CreateNewContactsTest -->
