<?xml version="1.0" encoding="UTF-8"?>
<!-- Generated by org.testng.reporters.JUnitReportReporter -->
<testsuite hostname="pensionboxdewesh-VivoBook-ASUSLaptop-X415JAB-X415JA" failures="0" tests="1" name="Assertion.CreateContactaWithLeadsourceAssertionTest" time="12.612" errors="0" timestamp="2024-03-21T11:45:35 IST" skipped="0">
  <testcase classname="Assertion.CreateContactaWithLeadsourceAssertionTest" name="createContactWithLeadSource" time="12.612"/>
  <system-out/>
</testsuite> <!-- Assertion.CreateContactaWithLeadsourceAssertionTest -->
